<?xml version="1.0" encoding="UTF-8"?>
<!-- Generated by org.testng.reporters.JUnitXMLReporter -->
<testsuite ignored="1" hostname="DESKTOP-OCFLSAS" failures="1" tests="1" name="Test" time="0.123" errors="0" timestamp="2026-03-28T17:08:44 IST">
  <testcase classname="seleniumday1.demo28march26" name="test1" time="0.034">
    <failure type="java.lang.NullPointerException" message="Cannot invoke &amp;quot;org.openqa.selenium.WebDriver.findElement(org.openqa.selenium.By)&amp;quot; because &amp;quot;this.driver&amp;quot; is null">
      <![CDATA[java.lang.NullPointerException: Cannot invoke "org.openqa.selenium.WebDriver.findElement(org.openqa.selenium.By)" because "this.driver" is null
at seleniumday1.demo28march26.test1(demo28march26.java:26)
at java.base/java.util.ArrayList.forEach(ArrayList.java:1596)
... Removed 25 stack frames]]>
    </failure>
  </testcase> <!-- test1 -->
  <testcase classname="seleniumday1.demo28march26" name="setup" time="0.0">
    <ignored/>
  </testcase> <!-- setup -->
</testsuite> <!-- Test -->
